0 info it worked if it ends with ok
1 verbose cli [ '/usr/bin/nodejs',
1 verbose cli   '/usr/bin/npm',
1 verbose cli   'install',
1 verbose cli   '-g',
1 verbose cli   'body-parser',
1 verbose cli   '--save' ]
2 info using npm@3.5.2
3 info using node@v4.2.6
4 silly loadCurrentTree Starting
5 silly install loadCurrentTree
6 silly install readGlobalPackageData
7 silly fetchPackageMetaData body-parser
8 silly fetchNamedPackageData body-parser
9 silly mapToRegistry name body-parser
10 silly mapToRegistry using default registry
11 silly mapToRegistry registry https://registry.npmjs.org/
12 silly mapToRegistry uri https://registry.npmjs.org/body-parser
13 verbose request uri https://registry.npmjs.org/body-parser
14 verbose request no auth needed
15 info attempt registry request try #1 at 9:46:14 PM
16 verbose request id fb8be75bfb346812
17 http request GET https://registry.npmjs.org/body-parser
18 http 200 https://registry.npmjs.org/body-parser
19 verbose headers { server: 'CouchDB/1.5.0 (Erlang OTP/R16B03)',
19 verbose headers   etag: '"B36P6DW5HJULS95W3NRJ6L8YN"',
19 verbose headers   'content-type': 'application/json',
19 verbose headers   'content-encoding': 'gzip',
19 verbose headers   'cache-control': 'max-age=300',
19 verbose headers   'content-length': '16042',
19 verbose headers   'accept-ranges': 'bytes',
19 verbose headers   date: 'Tue, 26 Jul 2016 01:46:18 GMT',
19 verbose headers   via: '1.1 varnish',
19 verbose headers   age: '203',
19 verbose headers   connection: 'keep-alive',
19 verbose headers   'x-served-by': 'cache-jfk1048-JFK',
19 verbose headers   'x-cache': 'HIT',
19 verbose headers   'x-cache-hits': '7',
19 verbose headers   'x-timer': 'S1469497578.888754,VS0,VE0',
19 verbose headers   vary: 'Accept-Encoding' }
20 silly get cb [ 200,
20 silly get   { server: 'CouchDB/1.5.0 (Erlang OTP/R16B03)',
20 silly get     etag: '"B36P6DW5HJULS95W3NRJ6L8YN"',
20 silly get     'content-type': 'application/json',
20 silly get     'content-encoding': 'gzip',
20 silly get     'cache-control': 'max-age=300',
20 silly get     'content-length': '16042',
20 silly get     'accept-ranges': 'bytes',
20 silly get     date: 'Tue, 26 Jul 2016 01:46:18 GMT',
20 silly get     via: '1.1 varnish',
20 silly get     age: '203',
20 silly get     connection: 'keep-alive',
20 silly get     'x-served-by': 'cache-jfk1048-JFK',
20 silly get     'x-cache': 'HIT',
20 silly get     'x-cache-hits': '7',
20 silly get     'x-timer': 'S1469497578.888754,VS0,VE0',
20 silly get     vary: 'Accept-Encoding' } ]
21 verbose get saving body-parser to /home/dysupes/.npm/registry.npmjs.org/body-parser/.cache.json
22 silly install normalizeTree
23 silly loadCurrentTree Finishing
24 silly loadIdealTree Starting
25 silly install loadIdealTree
26 silly cloneCurrentTree Starting
27 silly install cloneCurrentTreeToIdealTree
28 silly cloneCurrentTree Finishing
29 silly loadShrinkwrap Starting
30 silly install loadShrinkwrap
31 silly loadShrinkwrap Finishing
32 silly loadAllDepsIntoIdealTree Starting
33 silly install loadAllDepsIntoIdealTree
34 silly resolveWithNewModule body-parser@1.15.2 checking installable status
35 silly cache add args [ 'body-parser', null ]
36 verbose cache add spec body-parser
37 silly cache add parsed spec Result {
37 silly cache add   raw: 'body-parser',
37 silly cache add   scope: null,
37 silly cache add   name: 'body-parser',
37 silly cache add   rawSpec: '',
37 silly cache add   spec: 'latest',
37 silly cache add   type: 'tag' }
38 silly addNamed body-parser@latest
39 verbose addNamed "latest" is being treated as a dist-tag for body-parser
40 info addNameTag [ 'body-parser', 'latest' ]
41 silly mapToRegistry name body-parser
42 silly mapToRegistry using default registry
43 silly mapToRegistry registry https://registry.npmjs.org/
44 silly mapToRegistry uri https://registry.npmjs.org/body-parser
45 verbose addNameTag registry:https://registry.npmjs.org/body-parser not in flight; fetching
46 verbose get https://registry.npmjs.org/body-parser not expired, no request
47 silly addNameTag next cb for body-parser with tag latest
48 silly addNamed body-parser@1.15.2
49 verbose addNamed "1.15.2" is a plain semver version for body-parser
50 silly mapToRegistry name body-parser
51 silly mapToRegistry using default registry
52 silly mapToRegistry registry https://registry.npmjs.org/
53 silly mapToRegistry uri https://registry.npmjs.org/body-parser
54 verbose addRemoteTarball https://registry.npmjs.org/body-parser/-/body-parser-1.15.2.tgz not in flight; adding
55 verbose addRemoteTarball [ 'https://registry.npmjs.org/body-parser/-/body-parser-1.15.2.tgz',
55 verbose addRemoteTarball   'd7578cf4f1d11d5f6ea804cef35dc7a7ff6dae67' ]
56 info retry fetch attempt 1 at 9:46:15 PM
57 info attempt registry request try #1 at 9:46:15 PM
58 http fetch GET https://registry.npmjs.org/body-parser/-/body-parser-1.15.2.tgz
59 http fetch 200 https://registry.npmjs.org/body-parser/-/body-parser-1.15.2.tgz
60 silly fetchAndShaCheck shasum d7578cf4f1d11d5f6ea804cef35dc7a7ff6dae67
61 verbose addTmpTarball /tmp/npm-14657-34daba84/registry.npmjs.org/body-parser/-/body-parser-1.15.2.tgz not in flight; adding
62 verbose addTmpTarball already have metadata; skipping unpack for body-parser@1.15.2
63 silly cache afterAdd body-parser@1.15.2
64 verbose afterAdd /home/dysupes/.npm/body-parser/1.15.2/package/package.json not in flight; writing
65 verbose afterAdd /home/dysupes/.npm/body-parser/1.15.2/package/package.json written
66 silly fetchNamedPackageData bytes
67 silly mapToRegistry name bytes
68 silly mapToRegistry using default registry
69 silly mapToRegistry registry https://registry.npmjs.org/
70 silly mapToRegistry uri https://registry.npmjs.org/bytes
71 silly fetchNamedPackageData content-type
72 silly mapToRegistry name content-type
73 silly mapToRegistry using default registry
74 silly mapToRegistry registry https://registry.npmjs.org/
75 silly mapToRegistry uri https://registry.npmjs.org/content-type
76 silly fetchNamedPackageData debug
77 silly mapToRegistry name debug
78 silly mapToRegistry using default registry
79 silly mapToRegistry registry https://registry.npmjs.org/
80 silly mapToRegistry uri https://registry.npmjs.org/debug
81 silly fetchNamedPackageData depd
82 silly mapToRegistry name depd
83 silly mapToRegistry using default registry
84 silly mapToRegistry registry https://registry.npmjs.org/
85 silly mapToRegistry uri https://registry.npmjs.org/depd
86 silly fetchNamedPackageData http-errors
87 silly mapToRegistry name http-errors
88 silly mapToRegistry using default registry
89 silly mapToRegistry registry https://registry.npmjs.org/
90 silly mapToRegistry uri https://registry.npmjs.org/http-errors
91 silly fetchNamedPackageData iconv-lite
92 silly mapToRegistry name iconv-lite
93 silly mapToRegistry using default registry
94 silly mapToRegistry registry https://registry.npmjs.org/
95 silly mapToRegistry uri https://registry.npmjs.org/iconv-lite
96 silly fetchNamedPackageData on-finished
97 silly mapToRegistry name on-finished
98 silly mapToRegistry using default registry
99 silly mapToRegistry registry https://registry.npmjs.org/
100 silly mapToRegistry uri https://registry.npmjs.org/on-finished
101 silly fetchNamedPackageData qs
102 silly mapToRegistry name qs
103 silly mapToRegistry using default registry
104 silly mapToRegistry registry https://registry.npmjs.org/
105 silly mapToRegistry uri https://registry.npmjs.org/qs
106 silly fetchNamedPackageData raw-body
107 silly mapToRegistry name raw-body
108 silly mapToRegistry using default registry
109 silly mapToRegistry registry https://registry.npmjs.org/
110 silly mapToRegistry uri https://registry.npmjs.org/raw-body
111 silly fetchNamedPackageData type-is
112 silly mapToRegistry name type-is
113 silly mapToRegistry using default registry
114 silly mapToRegistry registry https://registry.npmjs.org/
115 silly mapToRegistry uri https://registry.npmjs.org/type-is
116 verbose request uri https://registry.npmjs.org/bytes
117 verbose request no auth needed
118 info attempt registry request try #1 at 9:46:15 PM
119 http request GET https://registry.npmjs.org/bytes
120 verbose request uri https://registry.npmjs.org/iconv-lite
121 verbose request no auth needed
122 info attempt registry request try #1 at 9:46:15 PM
123 http request GET https://registry.npmjs.org/iconv-lite
124 verbose request uri https://registry.npmjs.org/raw-body
125 verbose request no auth needed
126 info attempt registry request try #1 at 9:46:15 PM
127 http request GET https://registry.npmjs.org/raw-body
128 verbose request uri https://registry.npmjs.org/content-type
129 verbose request no auth needed
130 info attempt registry request try #1 at 9:46:15 PM
131 verbose etag "54SI4KXPU2JCNK86HYJVU5FOW"
132 http request GET https://registry.npmjs.org/content-type
133 verbose request uri https://registry.npmjs.org/debug
134 verbose request no auth needed
135 info attempt registry request try #1 at 9:46:15 PM
136 verbose etag "7J2T8S3I0QIQM876ABRYG1U2S"
137 http request GET https://registry.npmjs.org/debug
138 verbose request uri https://registry.npmjs.org/depd
139 verbose request no auth needed
140 info attempt registry request try #1 at 9:46:15 PM
141 verbose etag "2IUBEEQSLE6DHP0TKJC7QMY81"
142 http request GET https://registry.npmjs.org/depd
143 verbose request uri https://registry.npmjs.org/http-errors
144 verbose request no auth needed
145 info attempt registry request try #1 at 9:46:15 PM
146 verbose etag "C6A0MWQ0XCFDBJ5V8OYWH2BCL"
147 http request GET https://registry.npmjs.org/http-errors
148 verbose request uri https://registry.npmjs.org/on-finished
149 verbose request no auth needed
150 info attempt registry request try #1 at 9:46:15 PM
151 verbose etag "5HI975RQQ4ZMWO79KX96Q7Y6V"
152 http request GET https://registry.npmjs.org/on-finished
153 verbose request uri https://registry.npmjs.org/qs
154 verbose request no auth needed
155 info attempt registry request try #1 at 9:46:15 PM
156 verbose etag "E5MXEVI4Y8N6XXXW2AHSFQ7UB"
157 http request GET https://registry.npmjs.org/qs
158 verbose request uri https://registry.npmjs.org/type-is
159 verbose request no auth needed
160 info attempt registry request try #1 at 9:46:15 PM
161 verbose etag "6MF2TP522BDBG0RWZVQFH30D1"
162 http request GET https://registry.npmjs.org/type-is
163 http 304 https://registry.npmjs.org/content-type
164 verbose headers { date: 'Tue, 26 Jul 2016 01:46:19 GMT',
164 verbose headers   via: '1.1 varnish',
164 verbose headers   'cache-control': 'max-age=300',
164 verbose headers   etag: '"54SI4KXPU2JCNK86HYJVU5FOW"',
164 verbose headers   age: '296',
164 verbose headers   connection: 'keep-alive',
164 verbose headers   'x-served-by': 'cache-jfk1042-JFK',
164 verbose headers   'x-cache': 'HIT',
164 verbose headers   'x-cache-hits': '4',
164 verbose headers   'x-timer': 'S1469497579.295134,VS0,VE0',
164 verbose headers   vary: 'Accept-Encoding' }
165 silly get cb [ 304,
165 silly get   { date: 'Tue, 26 Jul 2016 01:46:19 GMT',
165 silly get     via: '1.1 varnish',
165 silly get     'cache-control': 'max-age=300',
165 silly get     etag: '"54SI4KXPU2JCNK86HYJVU5FOW"',
165 silly get     age: '296',
165 silly get     connection: 'keep-alive',
165 silly get     'x-served-by': 'cache-jfk1042-JFK',
165 silly get     'x-cache': 'HIT',
165 silly get     'x-cache-hits': '4',
165 silly get     'x-timer': 'S1469497579.295134,VS0,VE0',
165 silly get     vary: 'Accept-Encoding' } ]
166 verbose etag https://registry.npmjs.org/content-type from cache
167 verbose get saving content-type to /home/dysupes/.npm/registry.npmjs.org/content-type/.cache.json
168 http 200 https://registry.npmjs.org/bytes
169 verbose headers { server: 'CouchDB/1.5.0 (Erlang OTP/R16B03)',
169 verbose headers   etag: '"3WOBYP67YIHUJA5PB2HYBL392"',
169 verbose headers   'content-type': 'application/json',
169 verbose headers   'content-encoding': 'gzip',
169 verbose headers   'cache-control': 'max-age=300',
169 verbose headers   'content-length': '4141',
169 verbose headers   'accept-ranges': 'bytes',
169 verbose headers   date: 'Tue, 26 Jul 2016 01:46:19 GMT',
169 verbose headers   via: '1.1 varnish',
169 verbose headers   age: '191',
169 verbose headers   connection: 'keep-alive',
169 verbose headers   'x-served-by': 'cache-jfk1022-JFK',
169 verbose headers   'x-cache': 'HIT',
169 verbose headers   'x-cache-hits': '9',
169 verbose headers   'x-timer': 'S1469497579.294816,VS0,VE0',
169 verbose headers   vary: 'Accept-Encoding' }
170 silly get cb [ 200,
170 silly get   { server: 'CouchDB/1.5.0 (Erlang OTP/R16B03)',
170 silly get     etag: '"3WOBYP67YIHUJA5PB2HYBL392"',
170 silly get     'content-type': 'application/json',
170 silly get     'content-encoding': 'gzip',
170 silly get     'cache-control': 'max-age=300',
170 silly get     'content-length': '4141',
170 silly get     'accept-ranges': 'bytes',
170 silly get     date: 'Tue, 26 Jul 2016 01:46:19 GMT',
170 silly get     via: '1.1 varnish',
170 silly get     age: '191',
170 silly get     connection: 'keep-alive',
170 silly get     'x-served-by': 'cache-jfk1022-JFK',
170 silly get     'x-cache': 'HIT',
170 silly get     'x-cache-hits': '9',
170 silly get     'x-timer': 'S1469497579.294816,VS0,VE0',
170 silly get     vary: 'Accept-Encoding' } ]
171 verbose get saving bytes to /home/dysupes/.npm/registry.npmjs.org/bytes/.cache.json
172 http 200 https://registry.npmjs.org/raw-body
173 verbose headers { server: 'CouchDB/1.5.0 (Erlang OTP/R16B03)',
173 verbose headers   etag: '"EAKGFN1HL1G9NY1RBLH4FGY2L"',
173 verbose headers   'content-type': 'application/json',
173 verbose headers   'content-encoding': 'gzip',
173 verbose headers   'cache-control': 'max-age=300',
173 verbose headers   'content-length': '7593',
173 verbose headers   'accept-ranges': 'bytes',
173 verbose headers   date: 'Tue, 26 Jul 2016 01:46:19 GMT',
173 verbose headers   via: '1.1 varnish',
173 verbose headers   age: '14',
173 verbose headers   connection: 'keep-alive',
173 verbose headers   'x-served-by': 'cache-jfk1043-JFK',
173 verbose headers   'x-cache': 'HIT',
173 verbose headers   'x-cache-hits': '1',
173 verbose headers   'x-timer': 'S1469497579.295111,VS0,VE0',
173 verbose headers   vary: 'Accept-Encoding' }
174 silly get cb [ 200,
174 silly get   { server: 'CouchDB/1.5.0 (Erlang OTP/R16B03)',
174 silly get     etag: '"EAKGFN1HL1G9NY1RBLH4FGY2L"',
174 silly get     'content-type': 'application/json',
174 silly get     'content-encoding': 'gzip',
174 silly get     'cache-control': 'max-age=300',
174 silly get     'content-length': '7593',
174 silly get     'accept-ranges': 'bytes',
174 silly get     date: 'Tue, 26 Jul 2016 01:46:19 GMT',
174 silly get     via: '1.1 varnish',
174 silly get     age: '14',
174 silly get     connection: 'keep-alive',
174 silly get     'x-served-by': 'cache-jfk1043-JFK',
174 silly get     'x-cache': 'HIT',
174 silly get     'x-cache-hits': '1',
174 silly get     'x-timer': 'S1469497579.295111,VS0,VE0',
174 silly get     vary: 'Accept-Encoding' } ]
175 verbose get saving raw-body to /home/dysupes/.npm/registry.npmjs.org/raw-body/.cache.json
176 http 200 https://registry.npmjs.org/iconv-lite
177 verbose headers { server: 'CouchDB/1.6.1 (Erlang OTP/R16B03)',
177 verbose headers   etag: '"C5VKGM6A4HGW29LX3YYLT8XCC"',
177 verbose headers   'content-type': 'application/json',
177 verbose headers   'content-encoding': 'gzip',
177 verbose headers   'cache-control': 'max-age=300',
177 verbose headers   'content-length': '8569',
177 verbose headers   'accept-ranges': 'bytes',
177 verbose headers   date: 'Tue, 26 Jul 2016 01:46:19 GMT',
177 verbose headers   via: '1.1 varnish',
177 verbose headers   age: '267',
177 verbose headers   connection: 'keep-alive',
177 verbose headers   'x-served-by': 'cache-jfk1031-JFK',
177 verbose headers   'x-cache': 'HIT',
177 verbose headers   'x-cache-hits': '14',
177 verbose headers   'x-timer': 'S1469497579.297170,VS0,VE0',
177 verbose headers   vary: 'Accept-Encoding' }
178 silly get cb [ 200,
178 silly get   { server: 'CouchDB/1.6.1 (Erlang OTP/R16B03)',
178 silly get     etag: '"C5VKGM6A4HGW29LX3YYLT8XCC"',
178 silly get     'content-type': 'application/json',
178 silly get     'content-encoding': 'gzip',
178 silly get     'cache-control': 'max-age=300',
178 silly get     'content-length': '8569',
178 silly get     'accept-ranges': 'bytes',
178 silly get     date: 'Tue, 26 Jul 2016 01:46:19 GMT',
178 silly get     via: '1.1 varnish',
178 silly get     age: '267',
178 silly get     connection: 'keep-alive',
178 silly get     'x-served-by': 'cache-jfk1031-JFK',
178 silly get     'x-cache': 'HIT',
178 silly get     'x-cache-hits': '14',
178 silly get     'x-timer': 'S1469497579.297170,VS0,VE0',
178 silly get     vary: 'Accept-Encoding' } ]
179 verbose get saving iconv-lite to /home/dysupes/.npm/registry.npmjs.org/iconv-lite/.cache.json
180 silly resolveWithNewModule content-type@1.0.2 checking installable status
181 silly cache add args [ 'content-type@~1.0.2', null ]
182 verbose cache add spec content-type@~1.0.2
183 silly cache add parsed spec Result {
183 silly cache add   raw: 'content-type@~1.0.2',
183 silly cache add   scope: null,
183 silly cache add   name: 'content-type',
183 silly cache add   rawSpec: '~1.0.2',
183 silly cache add   spec: '>=1.0.2 <1.1.0',
183 silly cache add   type: 'range' }
184 silly addNamed content-type@>=1.0.2 <1.1.0
185 verbose addNamed ">=1.0.2 <1.1.0" is a valid semver range for content-type
186 silly addNameRange { name: 'content-type', range: '>=1.0.2 <1.1.0', hasData: false }
187 silly mapToRegistry name content-type
188 silly mapToRegistry using default registry
189 silly mapToRegistry registry https://registry.npmjs.org/
190 silly mapToRegistry uri https://registry.npmjs.org/content-type
191 verbose addNameRange registry:https://registry.npmjs.org/content-type not in flight; fetching
192 silly resolveWithNewModule bytes@2.4.0 checking installable status
193 silly cache add args [ 'bytes@2.4.0', null ]
194 verbose cache add spec bytes@2.4.0
195 silly cache add parsed spec Result {
195 silly cache add   raw: 'bytes@2.4.0',
195 silly cache add   scope: null,
195 silly cache add   name: 'bytes',
195 silly cache add   rawSpec: '2.4.0',
195 silly cache add   spec: '2.4.0',
195 silly cache add   type: 'version' }
196 silly addNamed bytes@2.4.0
197 verbose addNamed "2.4.0" is a plain semver version for bytes
198 silly mapToRegistry name bytes
199 silly mapToRegistry using default registry
200 silly mapToRegistry registry https://registry.npmjs.org/
201 silly mapToRegistry uri https://registry.npmjs.org/bytes
202 verbose addNameVersion registry:https://registry.npmjs.org/bytes not in flight; fetching
203 verbose get https://registry.npmjs.org/content-type not expired, no request
204 silly addNameRange number 2 { name: 'content-type', range: '>=1.0.2 <1.1.0', hasData: true }
205 silly addNameRange versions [ 'content-type', [ '0.0.1', '1.0.0', '1.0.1', '1.0.2' ] ]
206 silly addNamed content-type@1.0.2
207 verbose addNamed "1.0.2" is a plain semver version for content-type
208 silly resolveWithNewModule raw-body@2.1.7 checking installable status
209 silly cache add args [ 'raw-body@~2.1.7', null ]
210 verbose cache add spec raw-body@~2.1.7
211 silly cache add parsed spec Result {
211 silly cache add   raw: 'raw-body@~2.1.7',
211 silly cache add   scope: null,
211 silly cache add   name: 'raw-body',
211 silly cache add   rawSpec: '~2.1.7',
211 silly cache add   spec: '>=2.1.7 <2.2.0',
211 silly cache add   type: 'range' }
212 silly addNamed raw-body@>=2.1.7 <2.2.0
213 verbose addNamed ">=2.1.7 <2.2.0" is a valid semver range for raw-body
214 silly addNameRange { name: 'raw-body', range: '>=2.1.7 <2.2.0', hasData: false }
215 silly mapToRegistry name raw-body
216 silly mapToRegistry using default registry
217 silly mapToRegistry registry https://registry.npmjs.org/
218 silly mapToRegistry uri https://registry.npmjs.org/raw-body
219 verbose addNameRange registry:https://registry.npmjs.org/raw-body not in flight; fetching
220 silly resolveWithNewModule iconv-lite@0.4.13 checking installable status
221 silly cache add args [ 'iconv-lite@0.4.13', null ]
222 verbose cache add spec iconv-lite@0.4.13
223 silly cache add parsed spec Result {
223 silly cache add   raw: 'iconv-lite@0.4.13',
223 silly cache add   scope: null,
223 silly cache add   name: 'iconv-lite',
223 silly cache add   rawSpec: '0.4.13',
223 silly cache add   spec: '0.4.13',
223 silly cache add   type: 'version' }
224 silly addNamed iconv-lite@0.4.13
225 verbose addNamed "0.4.13" is a plain semver version for iconv-lite
226 silly mapToRegistry name iconv-lite
227 silly mapToRegistry using default registry
228 silly mapToRegistry registry https://registry.npmjs.org/
229 silly mapToRegistry uri https://registry.npmjs.org/iconv-lite
230 verbose addNameVersion registry:https://registry.npmjs.org/iconv-lite not in flight; fetching
231 verbose get https://registry.npmjs.org/bytes not expired, no request
232 silly mapToRegistry name bytes
233 silly mapToRegistry using default registry
234 silly mapToRegistry registry https://registry.npmjs.org/
235 silly mapToRegistry uri https://registry.npmjs.org/bytes
236 verbose addRemoteTarball https://registry.npmjs.org/bytes/-/bytes-2.4.0.tgz not in flight; adding
237 verbose addRemoteTarball [ 'https://registry.npmjs.org/bytes/-/bytes-2.4.0.tgz',
237 verbose addRemoteTarball   '7d97196f9d5baf7f6935e25985549edd2a6c2339' ]
238 silly cache afterAdd content-type@1.0.2
239 verbose afterAdd /home/dysupes/.npm/content-type/1.0.2/package/package.json not in flight; writing
240 verbose get https://registry.npmjs.org/raw-body not expired, no request
241 silly addNameRange number 2 { name: 'raw-body', range: '>=2.1.7 <2.2.0', hasData: true }
242 silly addNameRange versions [ 'raw-body',
242 silly addNameRange   [ '0.0.1',
242 silly addNameRange     '0.0.2',
242 silly addNameRange     '0.0.3',
242 silly addNameRange     '0.1.0',
242 silly addNameRange     '0.1.1',
242 silly addNameRange     '0.2.0',
242 silly addNameRange     '1.0.0',
242 silly addNameRange     '1.0.1',
242 silly addNameRange     '1.1.0',
242 silly addNameRange     '1.1.1',
242 silly addNameRange     '1.1.2',
242 silly addNameRange     '1.1.3',
242 silly addNameRange     '1.1.4',
242 silly addNameRange     '1.1.5',
242 silly addNameRange     '1.1.6',
242 silly addNameRange     '1.1.7',
242 silly addNameRange     '1.2.0',
242 silly addNameRange     '1.2.1',
242 silly addNameRange     '1.2.2',
242 silly addNameRange     '1.2.3',
242 silly addNameRange     '1.3.0',
242 silly addNameRange     '1.3.1',
242 silly addNameRange     '1.3.2',
242 silly addNameRange     '1.3.3',
242 silly addNameRange     '1.3.4',
242 silly addNameRange     '2.0.0',
242 silly addNameRange     '2.0.1',
242 silly addNameRange     '2.0.2',
242 silly addNameRange     '2.1.0',
242 silly addNameRange     '2.1.1',
242 silly addNameRange     '2.1.2',
242 silly addNameRange     '2.1.3',
242 silly addNameRange     '2.1.4',
242 silly addNameRange     '2.1.5',
242 silly addNameRange     '2.1.6',
242 silly addNameRange     '2.1.7' ] ]
243 silly addNamed raw-body@2.1.7
244 verbose addNamed "2.1.7" is a plain semver version for raw-body
245 info retry fetch attempt 1 at 9:46:15 PM
246 info attempt registry request try #1 at 9:46:15 PM
247 http fetch GET https://registry.npmjs.org/bytes/-/bytes-2.4.0.tgz
248 verbose get https://registry.npmjs.org/iconv-lite not expired, no request
249 silly mapToRegistry name raw-body
250 silly mapToRegistry using default registry
251 silly mapToRegistry registry https://registry.npmjs.org/
252 silly mapToRegistry uri https://registry.npmjs.org/raw-body
253 verbose addRemoteTarball https://registry.npmjs.org/raw-body/-/raw-body-2.1.7.tgz not in flight; adding
254 verbose addRemoteTarball [ 'https://registry.npmjs.org/raw-body/-/raw-body-2.1.7.tgz',
254 verbose addRemoteTarball   'adfeace2e4fb3098058014d08c072dcc59758774' ]
255 silly mapToRegistry name iconv-lite
256 silly mapToRegistry using default registry
257 silly mapToRegistry registry https://registry.npmjs.org/
258 silly mapToRegistry uri https://registry.npmjs.org/iconv-lite
259 verbose addRemoteTarball https://registry.npmjs.org/iconv-lite/-/iconv-lite-0.4.13.tgz not in flight; adding
260 verbose addRemoteTarball [ 'https://registry.npmjs.org/iconv-lite/-/iconv-lite-0.4.13.tgz',
260 verbose addRemoteTarball   '1f88aba4ab0b1508e8312acc39345f36e992e2f2' ]
261 info retry fetch attempt 1 at 9:46:15 PM
262 info attempt registry request try #1 at 9:46:15 PM
263 http fetch GET https://registry.npmjs.org/raw-body/-/raw-body-2.1.7.tgz
264 info retry fetch attempt 1 at 9:46:15 PM
265 info attempt registry request try #1 at 9:46:15 PM
266 http fetch GET https://registry.npmjs.org/iconv-lite/-/iconv-lite-0.4.13.tgz
267 verbose afterAdd /home/dysupes/.npm/content-type/1.0.2/package/package.json written
268 http 304 https://registry.npmjs.org/debug
269 verbose headers { date: 'Tue, 26 Jul 2016 01:46:19 GMT',
269 verbose headers   via: '1.1 varnish',
269 verbose headers   'cache-control': 'max-age=300',
269 verbose headers   etag: '"7J2T8S3I0QIQM876ABRYG1U2S"',
269 verbose headers   age: '213',
269 verbose headers   connection: 'keep-alive',
269 verbose headers   'x-served-by': 'cache-jfk1029-JFK',
269 verbose headers   'x-cache': 'HIT',
269 verbose headers   'x-cache-hits': '23',
269 verbose headers   'x-timer': 'S1469497579.357223,VS0,VE0',
269 verbose headers   vary: 'Accept-Encoding' }
270 silly get cb [ 304,
270 silly get   { date: 'Tue, 26 Jul 2016 01:46:19 GMT',
270 silly get     via: '1.1 varnish',
270 silly get     'cache-control': 'max-age=300',
270 silly get     etag: '"7J2T8S3I0QIQM876ABRYG1U2S"',
270 silly get     age: '213',
270 silly get     connection: 'keep-alive',
270 silly get     'x-served-by': 'cache-jfk1029-JFK',
270 silly get     'x-cache': 'HIT',
270 silly get     'x-cache-hits': '23',
270 silly get     'x-timer': 'S1469497579.357223,VS0,VE0',
270 silly get     vary: 'Accept-Encoding' } ]
271 verbose etag https://registry.npmjs.org/debug from cache
272 verbose get saving debug to /home/dysupes/.npm/registry.npmjs.org/debug/.cache.json
273 silly resolveWithNewModule debug@2.2.0 checking installable status
274 silly cache add args [ 'debug@~2.2.0', null ]
275 verbose cache add spec debug@~2.2.0
276 silly cache add parsed spec Result {
276 silly cache add   raw: 'debug@~2.2.0',
276 silly cache add   scope: null,
276 silly cache add   name: 'debug',
276 silly cache add   rawSpec: '~2.2.0',
276 silly cache add   spec: '>=2.2.0 <2.3.0',
276 silly cache add   type: 'range' }
277 silly addNamed debug@>=2.2.0 <2.3.0
278 verbose addNamed ">=2.2.0 <2.3.0" is a valid semver range for debug
279 silly addNameRange { name: 'debug', range: '>=2.2.0 <2.3.0', hasData: false }
280 silly mapToRegistry name debug
281 silly mapToRegistry using default registry
282 silly mapToRegistry registry https://registry.npmjs.org/
283 silly mapToRegistry uri https://registry.npmjs.org/debug
284 verbose addNameRange registry:https://registry.npmjs.org/debug not in flight; fetching
285 http 304 https://registry.npmjs.org/http-errors
286 verbose headers { date: 'Tue, 26 Jul 2016 01:46:19 GMT',
286 verbose headers   via: '1.1 varnish',
286 verbose headers   'cache-control': 'max-age=300',
286 verbose headers   etag: '"C6A0MWQ0XCFDBJ5V8OYWH2BCL"',
286 verbose headers   age: '52',
286 verbose headers   connection: 'keep-alive',
286 verbose headers   'x-served-by': 'cache-jfk1030-JFK',
286 verbose headers   'x-cache': 'HIT',
286 verbose headers   'x-cache-hits': '203',
286 verbose headers   'x-timer': 'S1469497579.360943,VS0,VE0',
286 verbose headers   vary: 'Accept-Encoding' }
287 silly get cb [ 304,
287 silly get   { date: 'Tue, 26 Jul 2016 01:46:19 GMT',
287 silly get     via: '1.1 varnish',
287 silly get     'cache-control': 'max-age=300',
287 silly get     etag: '"C6A0MWQ0XCFDBJ5V8OYWH2BCL"',
287 silly get     age: '52',
287 silly get     connection: 'keep-alive',
287 silly get     'x-served-by': 'cache-jfk1030-JFK',
287 silly get     'x-cache': 'HIT',
287 silly get     'x-cache-hits': '203',
287 silly get     'x-timer': 'S1469497579.360943,VS0,VE0',
287 silly get     vary: 'Accept-Encoding' } ]
288 verbose etag https://registry.npmjs.org/http-errors from cache
289 verbose get saving http-errors to /home/dysupes/.npm/registry.npmjs.org/http-errors/.cache.json
290 http 304 https://registry.npmjs.org/on-finished
291 verbose headers { date: 'Tue, 26 Jul 2016 01:46:19 GMT',
291 verbose headers   via: '1.1 varnish',
291 verbose headers   'cache-control': 'max-age=300',
291 verbose headers   etag: '"5HI975RQQ4ZMWO79KX96Q7Y6V"',
291 verbose headers   age: '121',
291 verbose headers   connection: 'keep-alive',
291 verbose headers   'x-served-by': 'cache-jfk1044-JFK',
291 verbose headers   'x-cache': 'HIT',
291 verbose headers   'x-cache-hits': '4',
291 verbose headers   'x-timer': 'S1469497579.360946,VS0,VE0',
291 verbose headers   vary: 'Accept-Encoding' }
292 silly get cb [ 304,
292 silly get   { date: 'Tue, 26 Jul 2016 01:46:19 GMT',
292 silly get     via: '1.1 varnish',
292 silly get     'cache-control': 'max-age=300',
292 silly get     etag: '"5HI975RQQ4ZMWO79KX96Q7Y6V"',
292 silly get     age: '121',
292 silly get     connection: 'keep-alive',
292 silly get     'x-served-by': 'cache-jfk1044-JFK',
292 silly get     'x-cache': 'HIT',
292 silly get     'x-cache-hits': '4',
292 silly get     'x-timer': 'S1469497579.360946,VS0,VE0',
292 silly get     vary: 'Accept-Encoding' } ]
293 verbose etag https://registry.npmjs.org/on-finished from cache
294 verbose get saving on-finished to /home/dysupes/.npm/registry.npmjs.org/on-finished/.cache.json
295 http 304 https://registry.npmjs.org/depd
296 verbose headers { date: 'Tue, 26 Jul 2016 01:46:19 GMT',
296 verbose headers   via: '1.1 varnish',
296 verbose headers   'cache-control': 'max-age=300',
296 verbose headers   etag: '"2IUBEEQSLE6DHP0TKJC7QMY81"',
296 verbose headers   age: '44',
296 verbose headers   connection: 'keep-alive',
296 verbose headers   'x-served-by': 'cache-jfk1033-JFK',
296 verbose headers   'x-cache': 'HIT',
296 verbose headers   'x-cache-hits': '1',
296 verbose headers   'x-timer': 'S1469497579.361134,VS0,VE0',
296 verbose headers   vary: 'Accept-Encoding' }
297 silly get cb [ 304,
297 silly get   { date: 'Tue, 26 Jul 2016 01:46:19 GMT',
297 silly get     via: '1.1 varnish',
297 silly get     'cache-control': 'max-age=300',
297 silly get     etag: '"2IUBEEQSLE6DHP0TKJC7QMY81"',
297 silly get     age: '44',
297 silly get     connection: 'keep-alive',
297 silly get     'x-served-by': 'cache-jfk1033-JFK',
297 silly get     'x-cache': 'HIT',
297 silly get     'x-cache-hits': '1',
297 silly get     'x-timer': 'S1469497579.361134,VS0,VE0',
297 silly get     vary: 'Accept-Encoding' } ]
298 verbose etag https://registry.npmjs.org/depd from cache
299 verbose get saving depd to /home/dysupes/.npm/registry.npmjs.org/depd/.cache.json
300 verbose get https://registry.npmjs.org/debug not expired, no request
301 silly addNameRange number 2 { name: 'debug', range: '>=2.2.0 <2.3.0', hasData: true }
302 silly addNameRange versions [ 'debug',
302 silly addNameRange   [ '0.0.1',
302 silly addNameRange     '0.1.0',
302 silly addNameRange     '0.2.0',
302 silly addNameRange     '0.3.0',
302 silly addNameRange     '0.4.0',
302 silly addNameRange     '0.4.1',
302 silly addNameRange     '0.5.0',
302 silly addNameRange     '0.6.0',
302 silly addNameRange     '0.7.0',
302 silly addNameRange     '0.7.1',
302 silly addNameRange     '0.7.2',
302 silly addNameRange     '0.7.3',
302 silly addNameRange     '0.7.4',
302 silly addNameRange     '0.8.0',
302 silly addNameRange     '0.8.1',
302 silly addNameRange     '1.0.0',
302 silly addNameRange     '1.0.1',
302 silly addNameRange     '1.0.2',
302 silly addNameRange     '1.0.3',
302 silly addNameRange     '1.0.4',
302 silly addNameRange     '2.0.0',
302 silly addNameRange     '2.1.0',
302 silly addNameRange     '2.1.1',
302 silly addNameRange     '2.1.2',
302 silly addNameRange     '2.1.3',
302 silly addNameRange     '2.2.0' ] ]
303 silly addNamed debug@2.2.0
304 verbose addNamed "2.2.0" is a plain semver version for debug
305 silly resolveWithNewModule http-errors@1.5.0 checking installable status
306 silly cache add args [ 'http-errors@~1.5.0', null ]
307 verbose cache add spec http-errors@~1.5.0
308 silly cache add parsed spec Result {
308 silly cache add   raw: 'http-errors@~1.5.0',
308 silly cache add   scope: null,
308 silly cache add   name: 'http-errors',
308 silly cache add   rawSpec: '~1.5.0',
308 silly cache add   spec: '>=1.5.0 <1.6.0',
308 silly cache add   type: 'range' }
309 silly addNamed http-errors@>=1.5.0 <1.6.0
310 verbose addNamed ">=1.5.0 <1.6.0" is a valid semver range for http-errors
311 silly addNameRange { name: 'http-errors', range: '>=1.5.0 <1.6.0', hasData: false }
312 silly mapToRegistry name http-errors
313 silly mapToRegistry using default registry
314 silly mapToRegistry registry https://registry.npmjs.org/
315 silly mapToRegistry uri https://registry.npmjs.org/http-errors
316 verbose addNameRange registry:https://registry.npmjs.org/http-errors not in flight; fetching
317 silly resolveWithNewModule on-finished@2.3.0 checking installable status
318 silly cache add args [ 'on-finished@~2.3.0', null ]
319 verbose cache add spec on-finished@~2.3.0
320 silly cache add parsed spec Result {
320 silly cache add   raw: 'on-finished@~2.3.0',
320 silly cache add   scope: null,
320 silly cache add   name: 'on-finished',
320 silly cache add   rawSpec: '~2.3.0',
320 silly cache add   spec: '>=2.3.0 <2.4.0',
320 silly cache add   type: 'range' }
321 silly addNamed on-finished@>=2.3.0 <2.4.0
322 verbose addNamed ">=2.3.0 <2.4.0" is a valid semver range for on-finished
323 silly addNameRange { name: 'on-finished', range: '>=2.3.0 <2.4.0', hasData: false }
324 silly mapToRegistry name on-finished
325 silly mapToRegistry using default registry
326 silly mapToRegistry registry https://registry.npmjs.org/
327 silly mapToRegistry uri https://registry.npmjs.org/on-finished
328 verbose addNameRange registry:https://registry.npmjs.org/on-finished not in flight; fetching
329 silly resolveWithNewModule depd@1.1.0 checking installable status
330 silly cache add args [ 'depd@~1.1.0', null ]
331 verbose cache add spec depd@~1.1.0
332 silly cache add parsed spec Result {
332 silly cache add   raw: 'depd@~1.1.0',
332 silly cache add   scope: null,
332 silly cache add   name: 'depd',
332 silly cache add   rawSpec: '~1.1.0',
332 silly cache add   spec: '>=1.1.0 <1.2.0',
332 silly cache add   type: 'range' }
333 silly addNamed depd@>=1.1.0 <1.2.0
334 verbose addNamed ">=1.1.0 <1.2.0" is a valid semver range for depd
335 silly addNameRange { name: 'depd', range: '>=1.1.0 <1.2.0', hasData: false }
336 silly mapToRegistry name depd
337 silly mapToRegistry using default registry
338 silly mapToRegistry registry https://registry.npmjs.org/
339 silly mapToRegistry uri https://registry.npmjs.org/depd
340 verbose addNameRange registry:https://registry.npmjs.org/depd not in flight; fetching
341 silly cache afterAdd debug@2.2.0
342 verbose afterAdd /home/dysupes/.npm/debug/2.2.0/package/package.json not in flight; writing
343 verbose get https://registry.npmjs.org/http-errors not expired, no request
344 silly addNameRange number 2 { name: 'http-errors', range: '>=1.5.0 <1.6.0', hasData: true }
345 silly addNameRange versions [ 'http-errors',
345 silly addNameRange   [ '0.0.1',
345 silly addNameRange     '1.0.0',
345 silly addNameRange     '1.0.1',
345 silly addNameRange     '1.1.0',
345 silly addNameRange     '1.2.0',
345 silly addNameRange     '1.2.1',
345 silly addNameRange     '1.2.2',
345 silly addNameRange     '1.2.3',
345 silly addNameRange     '1.2.4',
345 silly addNameRange     '1.2.5',
345 silly addNameRange     '1.2.6',
345 silly addNameRange     '1.2.7',
345 silly addNameRange     '1.2.8',
345 silly addNameRange     '1.3.0',
345 silly addNameRange     '1.3.1',
345 silly addNameRange     '1.4.0',
345 silly addNameRange     '1.5.0' ] ]
346 silly addNamed http-errors@1.5.0
347 verbose addNamed "1.5.0" is a plain semver version for http-errors
348 verbose get https://registry.npmjs.org/on-finished not expired, no request
349 silly addNameRange number 2 { name: 'on-finished', range: '>=2.3.0 <2.4.0', hasData: true }
350 silly addNameRange versions [ 'on-finished',
350 silly addNameRange   [ '2.0.0', '2.1.0', '2.1.1', '2.2.0', '2.2.1', '2.3.0' ] ]
351 silly addNamed on-finished@2.3.0
352 verbose addNamed "2.3.0" is a plain semver version for on-finished
353 verbose get https://registry.npmjs.org/depd not expired, no request
354 silly addNameRange number 2 { name: 'depd', range: '>=1.1.0 <1.2.0', hasData: true }
355 silly addNameRange versions [ 'depd',
355 silly addNameRange   [ '0.0.0',
355 silly addNameRange     '0.0.1',
355 silly addNameRange     '0.1.0',
355 silly addNameRange     '0.2.0',
355 silly addNameRange     '0.3.0',
355 silly addNameRange     '0.4.0',
355 silly addNameRange     '0.4.1',
355 silly addNameRange     '0.4.2',
355 silly addNameRange     '0.4.3',
355 silly addNameRange     '0.4.4',
355 silly addNameRange     '0.4.5',
355 silly addNameRange     '1.0.0',
355 silly addNameRange     '1.0.1',
355 silly addNameRange     '1.1.0' ] ]
356 silly addNamed depd@1.1.0
357 verbose addNamed "1.1.0" is a plain semver version for depd
358 verbose afterAdd /home/dysupes/.npm/debug/2.2.0/package/package.json written
359 silly cache afterAdd http-errors@1.5.0
360 verbose afterAdd /home/dysupes/.npm/http-errors/1.5.0/package/package.json not in flight; writing
361 silly cache afterAdd on-finished@2.3.0
362 verbose afterAdd /home/dysupes/.npm/on-finished/2.3.0/package/package.json not in flight; writing
363 silly cache afterAdd depd@1.1.0
364 verbose afterAdd /home/dysupes/.npm/depd/1.1.0/package/package.json not in flight; writing
365 verbose afterAdd /home/dysupes/.npm/http-errors/1.5.0/package/package.json written
366 verbose afterAdd /home/dysupes/.npm/on-finished/2.3.0/package/package.json written
367 verbose afterAdd /home/dysupes/.npm/depd/1.1.0/package/package.json written
368 http 304 https://registry.npmjs.org/qs
369 verbose headers { date: 'Tue, 26 Jul 2016 01:46:19 GMT',
369 verbose headers   via: '1.1 varnish',
369 verbose headers   'cache-control': 'max-age=300',
369 verbose headers   etag: '"E5MXEVI4Y8N6XXXW2AHSFQ7UB"',
369 verbose headers   age: '189',
369 verbose headers   connection: 'keep-alive',
369 verbose headers   'x-served-by': 'cache-jfk1043-JFK',
369 verbose headers   'x-cache': 'HIT',
369 verbose headers   'x-cache-hits': '15',
369 verbose headers   'x-timer': 'S1469497579.400623,VS0,VE0',
369 verbose headers   vary: 'Accept-Encoding' }
370 silly get cb [ 304,
370 silly get   { date: 'Tue, 26 Jul 2016 01:46:19 GMT',
370 silly get     via: '1.1 varnish',
370 silly get     'cache-control': 'max-age=300',
370 silly get     etag: '"E5MXEVI4Y8N6XXXW2AHSFQ7UB"',
370 silly get     age: '189',
370 silly get     connection: 'keep-alive',
370 silly get     'x-served-by': 'cache-jfk1043-JFK',
370 silly get     'x-cache': 'HIT',
370 silly get     'x-cache-hits': '15',
370 silly get     'x-timer': 'S1469497579.400623,VS0,VE0',
370 silly get     vary: 'Accept-Encoding' } ]
371 verbose etag https://registry.npmjs.org/qs from cache
372 verbose get saving qs to /home/dysupes/.npm/registry.npmjs.org/qs/.cache.json
373 silly resolveWithNewModule qs@6.2.0 checking installable status
374 silly cache add args [ 'qs@6.2.0', null ]
375 verbose cache add spec qs@6.2.0
376 silly cache add parsed spec Result {
376 silly cache add   raw: 'qs@6.2.0',
376 silly cache add   scope: null,
376 silly cache add   name: 'qs',
376 silly cache add   rawSpec: '6.2.0',
376 silly cache add   spec: '6.2.0',
376 silly cache add   type: 'version' }
377 silly addNamed qs@6.2.0
378 verbose addNamed "6.2.0" is a plain semver version for qs
379 silly mapToRegistry name qs
380 silly mapToRegistry using default registry
381 silly mapToRegistry registry https://registry.npmjs.org/
382 silly mapToRegistry uri https://registry.npmjs.org/qs
383 verbose addNameVersion registry:https://registry.npmjs.org/qs not in flight; fetching
384 verbose get https://registry.npmjs.org/qs not expired, no request
385 silly cache afterAdd qs@6.2.0
386 verbose afterAdd /home/dysupes/.npm/qs/6.2.0/package/package.json not in flight; writing
387 verbose afterAdd /home/dysupes/.npm/qs/6.2.0/package/package.json written
388 http 304 https://registry.npmjs.org/type-is
389 verbose headers { date: 'Tue, 26 Jul 2016 01:46:19 GMT',
389 verbose headers   via: '1.1 varnish',
389 verbose headers   'cache-control': 'max-age=300',
389 verbose headers   etag: '"6MF2TP522BDBG0RWZVQFH30D1"',
389 verbose headers   age: '221',
389 verbose headers   connection: 'keep-alive',
389 verbose headers   'x-served-by': 'cache-jfk1026-JFK',
389 verbose headers   'x-cache': 'HIT',
389 verbose headers   'x-cache-hits': '6',
389 verbose headers   'x-timer': 'S1469497579.411219,VS0,VE0',
389 verbose headers   vary: 'Accept-Encoding' }
390 silly get cb [ 304,
390 silly get   { date: 'Tue, 26 Jul 2016 01:46:19 GMT',
390 silly get     via: '1.1 varnish',
390 silly get     'cache-control': 'max-age=300',
390 silly get     etag: '"6MF2TP522BDBG0RWZVQFH30D1"',
390 silly get     age: '221',
390 silly get     connection: 'keep-alive',
390 silly get     'x-served-by': 'cache-jfk1026-JFK',
390 silly get     'x-cache': 'HIT',
390 silly get     'x-cache-hits': '6',
390 silly get     'x-timer': 'S1469497579.411219,VS0,VE0',
390 silly get     vary: 'Accept-Encoding' } ]
391 verbose etag https://registry.npmjs.org/type-is from cache
392 verbose get saving type-is to /home/dysupes/.npm/registry.npmjs.org/type-is/.cache.json
393 silly resolveWithNewModule type-is@1.6.13 checking installable status
394 silly cache add args [ 'type-is@~1.6.13', null ]
395 verbose cache add spec type-is@~1.6.13
396 silly cache add parsed spec Result {
396 silly cache add   raw: 'type-is@~1.6.13',
396 silly cache add   scope: null,
396 silly cache add   name: 'type-is',
396 silly cache add   rawSpec: '~1.6.13',
396 silly cache add   spec: '>=1.6.13 <1.7.0',
396 silly cache add   type: 'range' }
397 silly addNamed type-is@>=1.6.13 <1.7.0
398 verbose addNamed ">=1.6.13 <1.7.0" is a valid semver range for type-is
399 silly addNameRange { name: 'type-is', range: '>=1.6.13 <1.7.0', hasData: false }
400 silly mapToRegistry name type-is
401 silly mapToRegistry using default registry
402 silly mapToRegistry registry https://registry.npmjs.org/
403 silly mapToRegistry uri https://registry.npmjs.org/type-is
404 verbose addNameRange registry:https://registry.npmjs.org/type-is not in flight; fetching
405 verbose get https://registry.npmjs.org/type-is not expired, no request
406 silly addNameRange number 2 { name: 'type-is', range: '>=1.6.13 <1.7.0', hasData: true }
407 silly addNameRange versions [ 'type-is',
407 silly addNameRange   [ '1.0.0',
407 silly addNameRange     '1.0.1',
407 silly addNameRange     '1.1.0',
407 silly addNameRange     '1.2.0',
407 silly addNameRange     '1.2.1',
407 silly addNameRange     '1.2.2',
407 silly addNameRange     '1.3.0',
407 silly addNameRange     '1.3.1',
407 silly addNameRange     '1.3.2',
407 silly addNameRange     '1.4.0',
407 silly addNameRange     '1.5.0',
407 silly addNameRange     '1.5.1',
407 silly addNameRange     '1.5.2',
407 silly addNameRange     '1.5.3',
407 silly addNameRange     '1.5.4',
407 silly addNameRange     '1.5.5',
407 silly addNameRange     '1.5.6',
407 silly addNameRange     '1.5.7',
407 silly addNameRange     '1.6.0',
407 silly addNameRange     '1.6.1',
407 silly addNameRange     '1.6.2',
407 silly addNameRange     '1.6.3',
407 silly addNameRange     '1.6.4',
407 silly addNameRange     '1.6.5',
407 silly addNameRange     '1.6.6',
407 silly addNameRange     '1.6.7',
407 silly addNameRange     '1.6.8',
407 silly addNameRange     '1.6.9',
407 silly addNameRange     '1.6.10',
407 silly addNameRange     '1.6.11',
407 silly addNameRange     '1.6.12',
407 silly addNameRange     '1.6.13' ] ]
408 silly addNamed type-is@1.6.13
409 verbose addNamed "1.6.13" is a plain semver version for type-is
410 silly cache afterAdd type-is@1.6.13
411 verbose afterAdd /home/dysupes/.npm/type-is/1.6.13/package/package.json not in flight; writing
412 verbose afterAdd /home/dysupes/.npm/type-is/1.6.13/package/package.json written
413 http fetch 200 https://registry.npmjs.org/bytes/-/bytes-2.4.0.tgz
414 silly fetchAndShaCheck shasum 7d97196f9d5baf7f6935e25985549edd2a6c2339
415 verbose addTmpTarball /tmp/npm-14657-34daba84/registry.npmjs.org/bytes/-/bytes-2.4.0.tgz not in flight; adding
416 verbose addTmpTarball already have metadata; skipping unpack for bytes@2.4.0
417 silly cache afterAdd bytes@2.4.0
418 verbose afterAdd /home/dysupes/.npm/bytes/2.4.0/package/package.json not in flight; writing
419 verbose afterAdd /home/dysupes/.npm/bytes/2.4.0/package/package.json written
420 http fetch 200 https://registry.npmjs.org/iconv-lite/-/iconv-lite-0.4.13.tgz
421 http fetch 200 https://registry.npmjs.org/raw-body/-/raw-body-2.1.7.tgz
422 silly fetchAndShaCheck shasum adfeace2e4fb3098058014d08c072dcc59758774
423 verbose addTmpTarball /tmp/npm-14657-34daba84/registry.npmjs.org/raw-body/-/raw-body-2.1.7.tgz not in flight; adding
424 verbose addTmpTarball already have metadata; skipping unpack for raw-body@2.1.7
425 silly cache afterAdd raw-body@2.1.7
426 verbose afterAdd /home/dysupes/.npm/raw-body/2.1.7/package/package.json not in flight; writing
427 verbose afterAdd /home/dysupes/.npm/raw-body/2.1.7/package/package.json written
428 silly fetchAndShaCheck shasum 1f88aba4ab0b1508e8312acc39345f36e992e2f2
429 verbose addTmpTarball /tmp/npm-14657-34daba84/registry.npmjs.org/iconv-lite/-/iconv-lite-0.4.13.tgz not in flight; adding
430 verbose addTmpTarball already have metadata; skipping unpack for iconv-lite@0.4.13
431 silly cache afterAdd iconv-lite@0.4.13
432 verbose afterAdd /home/dysupes/.npm/iconv-lite/0.4.13/package/package.json not in flight; writing
433 verbose afterAdd /home/dysupes/.npm/iconv-lite/0.4.13/package/package.json written
434 silly fetchNamedPackageData ms
435 silly mapToRegistry name ms
436 silly mapToRegistry using default registry
437 silly mapToRegistry registry https://registry.npmjs.org/
438 silly mapToRegistry uri https://registry.npmjs.org/ms
439 verbose request uri https://registry.npmjs.org/ms
440 verbose request no auth needed
441 info attempt registry request try #1 at 9:46:15 PM
442 verbose etag "EP33O395KN4MCS95L3I9GU3T7"
443 http request GET https://registry.npmjs.org/ms
444 http 304 https://registry.npmjs.org/ms
445 verbose headers { date: 'Tue, 26 Jul 2016 01:46:19 GMT',
445 verbose headers   via: '1.1 varnish',
445 verbose headers   'cache-control': 'max-age=300',
445 verbose headers   etag: '"EP33O395KN4MCS95L3I9GU3T7"',
445 verbose headers   age: '139',
445 verbose headers   connection: 'keep-alive',
445 verbose headers   'x-served-by': 'cache-jfk1039-JFK',
445 verbose headers   'x-cache': 'HIT',
445 verbose headers   'x-cache-hits': '8',
445 verbose headers   'x-timer': 'S1469497579.705222,VS0,VE0',
445 verbose headers   vary: 'Accept-Encoding' }
446 silly get cb [ 304,
446 silly get   { date: 'Tue, 26 Jul 2016 01:46:19 GMT',
446 silly get     via: '1.1 varnish',
446 silly get     'cache-control': 'max-age=300',
446 silly get     etag: '"EP33O395KN4MCS95L3I9GU3T7"',
446 silly get     age: '139',
446 silly get     connection: 'keep-alive',
446 silly get     'x-served-by': 'cache-jfk1039-JFK',
446 silly get     'x-cache': 'HIT',
446 silly get     'x-cache-hits': '8',
446 silly get     'x-timer': 'S1469497579.705222,VS0,VE0',
446 silly get     vary: 'Accept-Encoding' } ]
447 verbose etag https://registry.npmjs.org/ms from cache
448 verbose get saving ms to /home/dysupes/.npm/registry.npmjs.org/ms/.cache.json
449 silly resolveWithNewModule ms@0.7.1 checking installable status
450 silly cache add args [ 'ms@0.7.1', null ]
451 verbose cache add spec ms@0.7.1
452 silly cache add parsed spec Result {
452 silly cache add   raw: 'ms@0.7.1',
452 silly cache add   scope: null,
452 silly cache add   name: 'ms',
452 silly cache add   rawSpec: '0.7.1',
452 silly cache add   spec: '0.7.1',
452 silly cache add   type: 'version' }
453 silly addNamed ms@0.7.1
454 verbose addNamed "0.7.1" is a plain semver version for ms
455 silly mapToRegistry name ms
456 silly mapToRegistry using default registry
457 silly mapToRegistry registry https://registry.npmjs.org/
458 silly mapToRegistry uri https://registry.npmjs.org/ms
459 verbose addNameVersion registry:https://registry.npmjs.org/ms not in flight; fetching
460 verbose get https://registry.npmjs.org/ms not expired, no request
461 silly cache afterAdd ms@0.7.1
462 verbose afterAdd /home/dysupes/.npm/ms/0.7.1/package/package.json not in flight; writing
463 verbose afterAdd /home/dysupes/.npm/ms/0.7.1/package/package.json written
464 silly fetchNamedPackageData inherits
465 silly mapToRegistry name inherits
466 silly mapToRegistry using default registry
467 silly mapToRegistry registry https://registry.npmjs.org/
468 silly mapToRegistry uri https://registry.npmjs.org/inherits
469 silly fetchNamedPackageData setprototypeof
470 silly mapToRegistry name setprototypeof
471 silly mapToRegistry using default registry
472 silly mapToRegistry registry https://registry.npmjs.org/
473 silly mapToRegistry uri https://registry.npmjs.org/setprototypeof
474 silly fetchNamedPackageData statuses
475 silly mapToRegistry name statuses
476 silly mapToRegistry using default registry
477 silly mapToRegistry registry https://registry.npmjs.org/
478 silly mapToRegistry uri https://registry.npmjs.org/statuses
479 verbose request uri https://registry.npmjs.org/inherits
480 verbose request no auth needed
481 info attempt registry request try #1 at 9:46:15 PM
482 verbose etag "DW5AARMI0EU78WM0DVWHCUX08"
483 http request GET https://registry.npmjs.org/inherits
484 verbose request uri https://registry.npmjs.org/statuses
485 verbose request no auth needed
486 info attempt registry request try #1 at 9:46:15 PM
487 verbose etag "3KCKUNZRW6W4E0ICQ29QZ13KW"
488 http request GET https://registry.npmjs.org/statuses
489 verbose request uri https://registry.npmjs.org/setprototypeof
490 verbose request no auth needed
491 info attempt registry request try #1 at 9:46:15 PM
492 verbose etag "CJTDSET8SGVXM6LF4HLS3YM9C"
493 http request GET https://registry.npmjs.org/setprototypeof
494 http 304 https://registry.npmjs.org/inherits
495 verbose headers { date: 'Tue, 26 Jul 2016 01:46:19 GMT',
495 verbose headers   via: '1.1 varnish',
495 verbose headers   'cache-control': 'max-age=300',
495 verbose headers   etag: '"DW5AARMI0EU78WM0DVWHCUX08"',
495 verbose headers   age: '104',
495 verbose headers   connection: 'keep-alive',
495 verbose headers   'x-served-by': 'cache-jfk1033-JFK',
495 verbose headers   'x-cache': 'HIT',
495 verbose headers   'x-cache-hits': '16',
495 verbose headers   'x-timer': 'S1469497579.835873,VS0,VE0',
495 verbose headers   vary: 'Accept-Encoding' }
496 silly get cb [ 304,
496 silly get   { date: 'Tue, 26 Jul 2016 01:46:19 GMT',
496 silly get     via: '1.1 varnish',
496 silly get     'cache-control': 'max-age=300',
496 silly get     etag: '"DW5AARMI0EU78WM0DVWHCUX08"',
496 silly get     age: '104',
496 silly get     connection: 'keep-alive',
496 silly get     'x-served-by': 'cache-jfk1033-JFK',
496 silly get     'x-cache': 'HIT',
496 silly get     'x-cache-hits': '16',
496 silly get     'x-timer': 'S1469497579.835873,VS0,VE0',
496 silly get     vary: 'Accept-Encoding' } ]
497 verbose etag https://registry.npmjs.org/inherits from cache
498 verbose get saving inherits to /home/dysupes/.npm/registry.npmjs.org/inherits/.cache.json
499 http 304 https://registry.npmjs.org/setprototypeof
500 verbose headers { date: 'Tue, 26 Jul 2016 01:46:19 GMT',
500 verbose headers   via: '1.1 varnish',
500 verbose headers   'cache-control': 'max-age=300',
500 verbose headers   etag: '"CJTDSET8SGVXM6LF4HLS3YM9C"',
500 verbose headers   age: '256',
500 verbose headers   connection: 'keep-alive',
500 verbose headers   'x-served-by': 'cache-jfk1048-JFK',
500 verbose headers   'x-cache': 'HIT',
500 verbose headers   'x-cache-hits': '6',
500 verbose headers   'x-timer': 'S1469497579.837352,VS0,VE0',
500 verbose headers   vary: 'Accept-Encoding' }
501 silly get cb [ 304,
501 silly get   { date: 'Tue, 26 Jul 2016 01:46:19 GMT',
501 silly get     via: '1.1 varnish',
501 silly get     'cache-control': 'max-age=300',
501 silly get     etag: '"CJTDSET8SGVXM6LF4HLS3YM9C"',
501 silly get     age: '256',
501 silly get     connection: 'keep-alive',
501 silly get     'x-served-by': 'cache-jfk1048-JFK',
501 silly get     'x-cache': 'HIT',
501 silly get     'x-cache-hits': '6',
501 silly get     'x-timer': 'S1469497579.837352,VS0,VE0',
501 silly get     vary: 'Accept-Encoding' } ]
502 verbose etag https://registry.npmjs.org/setprototypeof from cache
503 verbose get saving setprototypeof to /home/dysupes/.npm/registry.npmjs.org/setprototypeof/.cache.json
504 silly resolveWithNewModule inherits@2.0.1 checking installable status
505 silly cache add args [ 'inherits@2.0.1', null ]
506 verbose cache add spec inherits@2.0.1
507 silly cache add parsed spec Result {
507 silly cache add   raw: 'inherits@2.0.1',
507 silly cache add   scope: null,
507 silly cache add   name: 'inherits',
507 silly cache add   rawSpec: '2.0.1',
507 silly cache add   spec: '2.0.1',
507 silly cache add   type: 'version' }
508 silly addNamed inherits@2.0.1
509 verbose addNamed "2.0.1" is a plain semver version for inherits
510 silly mapToRegistry name inherits
511 silly mapToRegistry using default registry
512 silly mapToRegistry registry https://registry.npmjs.org/
513 silly mapToRegistry uri https://registry.npmjs.org/inherits
514 verbose addNameVersion registry:https://registry.npmjs.org/inherits not in flight; fetching
515 silly resolveWithNewModule setprototypeof@1.0.1 checking installable status
516 silly cache add args [ 'setprototypeof@1.0.1', null ]
517 verbose cache add spec setprototypeof@1.0.1
518 silly cache add parsed spec Result {
518 silly cache add   raw: 'setprototypeof@1.0.1',
518 silly cache add   scope: null,
518 silly cache add   name: 'setprototypeof',
518 silly cache add   rawSpec: '1.0.1',
518 silly cache add   spec: '1.0.1',
518 silly cache add   type: 'version' }
519 silly addNamed setprototypeof@1.0.1
520 verbose addNamed "1.0.1" is a plain semver version for setprototypeof
521 silly mapToRegistry name setprototypeof
522 silly mapToRegistry using default registry
523 silly mapToRegistry registry https://registry.npmjs.org/
524 silly mapToRegistry uri https://registry.npmjs.org/setprototypeof
525 verbose addNameVersion registry:https://registry.npmjs.org/setprototypeof not in flight; fetching
526 http 304 https://registry.npmjs.org/statuses
527 verbose headers { date: 'Tue, 26 Jul 2016 01:46:19 GMT',
527 verbose headers   via: '1.1 varnish',
527 verbose headers   'cache-control': 'max-age=300',
527 verbose headers   etag: '"3KCKUNZRW6W4E0ICQ29QZ13KW"',
527 verbose headers   age: '166',
527 verbose headers   connection: 'keep-alive',
527 verbose headers   'x-served-by': 'cache-jfk1029-JFK',
527 verbose headers   'x-cache': 'HIT',
527 verbose headers   'x-cache-hits': '4',
527 verbose headers   'x-timer': 'S1469497579.842619,VS0,VE0',
527 verbose headers   vary: 'Accept-Encoding' }
528 silly get cb [ 304,
528 silly get   { date: 'Tue, 26 Jul 2016 01:46:19 GMT',
528 silly get     via: '1.1 varnish',
528 silly get     'cache-control': 'max-age=300',
528 silly get     etag: '"3KCKUNZRW6W4E0ICQ29QZ13KW"',
528 silly get     age: '166',
528 silly get     connection: 'keep-alive',
528 silly get     'x-served-by': 'cache-jfk1029-JFK',
528 silly get     'x-cache': 'HIT',
528 silly get     'x-cache-hits': '4',
528 silly get     'x-timer': 'S1469497579.842619,VS0,VE0',
528 silly get     vary: 'Accept-Encoding' } ]
529 verbose etag https://registry.npmjs.org/statuses from cache
530 verbose get saving statuses to /home/dysupes/.npm/registry.npmjs.org/statuses/.cache.json
531 verbose get https://registry.npmjs.org/inherits not expired, no request
532 verbose get https://registry.npmjs.org/setprototypeof not expired, no request
533 silly cache afterAdd inherits@2.0.1
534 verbose afterAdd /home/dysupes/.npm/inherits/2.0.1/package/package.json not in flight; writing
535 silly cache afterAdd setprototypeof@1.0.1
536 verbose afterAdd /home/dysupes/.npm/setprototypeof/1.0.1/package/package.json not in flight; writing
537 verbose afterAdd /home/dysupes/.npm/inherits/2.0.1/package/package.json written
538 silly resolveWithNewModule statuses@1.3.0 checking installable status
539 silly cache add args [ 'statuses@>= 1.3.0 < 2', null ]
540 verbose cache add spec statuses@>= 1.3.0 < 2
541 silly cache add parsed spec Result {
541 silly cache add   raw: 'statuses@>= 1.3.0 < 2',
541 silly cache add   scope: null,
541 silly cache add   name: 'statuses',
541 silly cache add   rawSpec: '>= 1.3.0 < 2',
541 silly cache add   spec: '>=1.3.0 <2.0.0',
541 silly cache add   type: 'range' }
542 silly addNamed statuses@>=1.3.0 <2.0.0
543 verbose addNamed ">=1.3.0 <2.0.0" is a valid semver range for statuses
544 silly addNameRange { name: 'statuses', range: '>=1.3.0 <2.0.0', hasData: false }
545 silly mapToRegistry name statuses
546 silly mapToRegistry using default registry
547 silly mapToRegistry registry https://registry.npmjs.org/
548 silly mapToRegistry uri https://registry.npmjs.org/statuses
549 verbose addNameRange registry:https://registry.npmjs.org/statuses not in flight; fetching
550 verbose afterAdd /home/dysupes/.npm/setprototypeof/1.0.1/package/package.json written
551 verbose get https://registry.npmjs.org/statuses not expired, no request
552 silly addNameRange number 2 { name: 'statuses', range: '>=1.3.0 <2.0.0', hasData: true }
553 silly addNameRange versions [ 'statuses',
553 silly addNameRange   [ '1.0.1',
553 silly addNameRange     '1.0.2',
553 silly addNameRange     '1.0.3',
553 silly addNameRange     '1.0.4',
553 silly addNameRange     '1.1.0',
553 silly addNameRange     '1.1.1',
553 silly addNameRange     '1.2.0',
553 silly addNameRange     '1.2.1',
553 silly addNameRange     '1.3.0' ] ]
554 silly addNamed statuses@1.3.0
555 verbose addNamed "1.3.0" is a plain semver version for statuses
556 silly cache afterAdd statuses@1.3.0
557 verbose afterAdd /home/dysupes/.npm/statuses/1.3.0/package/package.json not in flight; writing
558 verbose afterAdd /home/dysupes/.npm/statuses/1.3.0/package/package.json written
559 silly fetchNamedPackageData ee-first
560 silly mapToRegistry name ee-first
561 silly mapToRegistry using default registry
562 silly mapToRegistry registry https://registry.npmjs.org/
563 silly mapToRegistry uri https://registry.npmjs.org/ee-first
564 verbose request uri https://registry.npmjs.org/ee-first
565 verbose request no auth needed
566 info attempt registry request try #1 at 9:46:16 PM
567 verbose etag "3ZYG9XA9BYU1KE2TX5MRV6U1N"
568 http request GET https://registry.npmjs.org/ee-first
569 http 304 https://registry.npmjs.org/ee-first
570 verbose headers { date: 'Tue, 26 Jul 2016 01:46:19 GMT',
570 verbose headers   via: '1.1 varnish',
570 verbose headers   'cache-control': 'max-age=300',
570 verbose headers   etag: '"3ZYG9XA9BYU1KE2TX5MRV6U1N"',
570 verbose headers   age: '166',
570 verbose headers   connection: 'keep-alive',
570 verbose headers   'x-served-by': 'cache-jfk1037-JFK',
570 verbose headers   'x-cache': 'HIT',
570 verbose headers   'x-cache-hits': '4',
570 verbose headers   'x-timer': 'S1469497579.979276,VS0,VE0',
570 verbose headers   vary: 'Accept-Encoding' }
571 silly get cb [ 304,
571 silly get   { date: 'Tue, 26 Jul 2016 01:46:19 GMT',
571 silly get     via: '1.1 varnish',
571 silly get     'cache-control': 'max-age=300',
571 silly get     etag: '"3ZYG9XA9BYU1KE2TX5MRV6U1N"',
571 silly get     age: '166',
571 silly get     connection: 'keep-alive',
571 silly get     'x-served-by': 'cache-jfk1037-JFK',
571 silly get     'x-cache': 'HIT',
571 silly get     'x-cache-hits': '4',
571 silly get     'x-timer': 'S1469497579.979276,VS0,VE0',
571 silly get     vary: 'Accept-Encoding' } ]
572 verbose etag https://registry.npmjs.org/ee-first from cache
573 verbose get saving ee-first to /home/dysupes/.npm/registry.npmjs.org/ee-first/.cache.json
574 silly resolveWithNewModule ee-first@1.1.1 checking installable status
575 silly cache add args [ 'ee-first@1.1.1', null ]
576 verbose cache add spec ee-first@1.1.1
577 silly cache add parsed spec Result {
577 silly cache add   raw: 'ee-first@1.1.1',
577 silly cache add   scope: null,
577 silly cache add   name: 'ee-first',
577 silly cache add   rawSpec: '1.1.1',
577 silly cache add   spec: '1.1.1',
577 silly cache add   type: 'version' }
578 silly addNamed ee-first@1.1.1
579 verbose addNamed "1.1.1" is a plain semver version for ee-first
580 silly mapToRegistry name ee-first
581 silly mapToRegistry using default registry
582 silly mapToRegistry registry https://registry.npmjs.org/
583 silly mapToRegistry uri https://registry.npmjs.org/ee-first
584 verbose addNameVersion registry:https://registry.npmjs.org/ee-first not in flight; fetching
585 verbose get https://registry.npmjs.org/ee-first not expired, no request
586 silly cache afterAdd ee-first@1.1.1
587 verbose afterAdd /home/dysupes/.npm/ee-first/1.1.1/package/package.json not in flight; writing
588 verbose afterAdd /home/dysupes/.npm/ee-first/1.1.1/package/package.json written
589 silly fetchNamedPackageData unpipe
590 silly mapToRegistry name unpipe
591 silly mapToRegistry using default registry
592 silly mapToRegistry registry https://registry.npmjs.org/
593 silly mapToRegistry uri https://registry.npmjs.org/unpipe
594 verbose request uri https://registry.npmjs.org/unpipe
595 verbose request no auth needed
596 info attempt registry request try #1 at 9:46:16 PM
597 verbose etag "DND474O8B0RXBZOJNUAWLUERQ"
598 http request GET https://registry.npmjs.org/unpipe
599 http 304 https://registry.npmjs.org/unpipe
600 verbose headers { date: 'Tue, 26 Jul 2016 01:46:20 GMT',
600 verbose headers   via: '1.1 varnish',
600 verbose headers   'cache-control': 'max-age=300',
600 verbose headers   etag: '"DND474O8B0RXBZOJNUAWLUERQ"',
600 verbose headers   age: '166',
600 verbose headers   connection: 'keep-alive',
600 verbose headers   'x-served-by': 'cache-jfk1042-JFK',
600 verbose headers   'x-cache': 'HIT',
600 verbose headers   'x-cache-hits': '3',
600 verbose headers   'x-timer': 'S1469497580.108821,VS0,VE0',
600 verbose headers   vary: 'Accept-Encoding' }
601 silly get cb [ 304,
601 silly get   { date: 'Tue, 26 Jul 2016 01:46:20 GMT',
601 silly get     via: '1.1 varnish',
601 silly get     'cache-control': 'max-age=300',
601 silly get     etag: '"DND474O8B0RXBZOJNUAWLUERQ"',
601 silly get     age: '166',
601 silly get     connection: 'keep-alive',
601 silly get     'x-served-by': 'cache-jfk1042-JFK',
601 silly get     'x-cache': 'HIT',
601 silly get     'x-cache-hits': '3',
601 silly get     'x-timer': 'S1469497580.108821,VS0,VE0',
601 silly get     vary: 'Accept-Encoding' } ]
602 verbose etag https://registry.npmjs.org/unpipe from cache
603 verbose get saving unpipe to /home/dysupes/.npm/registry.npmjs.org/unpipe/.cache.json
604 silly resolveWithNewModule unpipe@1.0.0 checking installable status
605 silly cache add args [ 'unpipe@1.0.0', null ]
606 verbose cache add spec unpipe@1.0.0
607 silly cache add parsed spec Result {
607 silly cache add   raw: 'unpipe@1.0.0',
607 silly cache add   scope: null,
607 silly cache add   name: 'unpipe',
607 silly cache add   rawSpec: '1.0.0',
607 silly cache add   spec: '1.0.0',
607 silly cache add   type: 'version' }
608 silly addNamed unpipe@1.0.0
609 verbose addNamed "1.0.0" is a plain semver version for unpipe
610 silly mapToRegistry name unpipe
611 silly mapToRegistry using default registry
612 silly mapToRegistry registry https://registry.npmjs.org/
613 silly mapToRegistry uri https://registry.npmjs.org/unpipe
614 verbose addNameVersion registry:https://registry.npmjs.org/unpipe not in flight; fetching
615 verbose get https://registry.npmjs.org/unpipe not expired, no request
616 silly cache afterAdd unpipe@1.0.0
617 verbose afterAdd /home/dysupes/.npm/unpipe/1.0.0/package/package.json not in flight; writing
618 verbose afterAdd /home/dysupes/.npm/unpipe/1.0.0/package/package.json written
619 silly fetchNamedPackageData media-typer
620 silly mapToRegistry name media-typer
621 silly mapToRegistry using default registry
622 silly mapToRegistry registry https://registry.npmjs.org/
623 silly mapToRegistry uri https://registry.npmjs.org/media-typer
624 silly fetchNamedPackageData mime-types
625 silly mapToRegistry name mime-types
626 silly mapToRegistry using default registry
627 silly mapToRegistry registry https://registry.npmjs.org/
628 silly mapToRegistry uri https://registry.npmjs.org/mime-types
629 verbose request uri https://registry.npmjs.org/media-typer
630 verbose request no auth needed
631 info attempt registry request try #1 at 9:46:16 PM
632 verbose etag "5ORHZTRRI5PL86YTBCZIWPFWT"
633 http request GET https://registry.npmjs.org/media-typer
634 verbose request uri https://registry.npmjs.org/mime-types
635 verbose request no auth needed
636 info attempt registry request try #1 at 9:46:16 PM
637 verbose etag "3O7DWUBEADFVPGVCL21NGLBAG"
638 http request GET https://registry.npmjs.org/mime-types
639 http 200 https://registry.npmjs.org/media-typer
640 verbose headers { server: 'CouchDB/1.5.0 (Erlang OTP/R16B03)',
640 verbose headers   etag: '"3DUQCXWENPFNWCOZ43A08N4WY"',
640 verbose headers   'content-type': 'application/json',
640 verbose headers   'content-encoding': 'gzip',
640 verbose headers   'cache-control': 'max-age=300',
640 verbose headers   'content-length': '2022',
640 verbose headers   'accept-ranges': 'bytes',
640 verbose headers   date: 'Tue, 26 Jul 2016 01:46:20 GMT',
640 verbose headers   via: '1.1 varnish',
640 verbose headers   age: '131',
640 verbose headers   connection: 'keep-alive',
640 verbose headers   'x-served-by': 'cache-jfk1030-JFK',
640 verbose headers   'x-cache': 'HIT',
640 verbose headers   'x-cache-hits': '3',
640 verbose headers   'x-timer': 'S1469497580.242503,VS0,VE0',
640 verbose headers   vary: 'Accept-Encoding' }
641 silly get cb [ 200,
641 silly get   { server: 'CouchDB/1.5.0 (Erlang OTP/R16B03)',
641 silly get     etag: '"3DUQCXWENPFNWCOZ43A08N4WY"',
641 silly get     'content-type': 'application/json',
641 silly get     'content-encoding': 'gzip',
641 silly get     'cache-control': 'max-age=300',
641 silly get     'content-length': '2022',
641 silly get     'accept-ranges': 'bytes',
641 silly get     date: 'Tue, 26 Jul 2016 01:46:20 GMT',
641 silly get     via: '1.1 varnish',
641 silly get     age: '131',
641 silly get     connection: 'keep-alive',
641 silly get     'x-served-by': 'cache-jfk1030-JFK',
641 silly get     'x-cache': 'HIT',
641 silly get     'x-cache-hits': '3',
641 silly get     'x-timer': 'S1469497580.242503,VS0,VE0',
641 silly get     vary: 'Accept-Encoding' } ]
642 verbose get saving media-typer to /home/dysupes/.npm/registry.npmjs.org/media-typer/.cache.json
643 http 304 https://registry.npmjs.org/mime-types
644 verbose headers { date: 'Tue, 26 Jul 2016 01:46:20 GMT',
644 verbose headers   via: '1.1 varnish',
644 verbose headers   'cache-control': 'max-age=300',
644 verbose headers   etag: '"3O7DWUBEADFVPGVCL21NGLBAG"',
644 verbose headers   age: '138',
644 verbose headers   connection: 'keep-alive',
644 verbose headers   'x-served-by': 'cache-jfk1032-JFK',
644 verbose headers   'x-cache': 'HIT',
644 verbose headers   'x-cache-hits': '11',
644 verbose headers   'x-timer': 'S1469497580.247002,VS0,VE0',
644 verbose headers   vary: 'Accept-Encoding' }
645 silly get cb [ 304,
645 silly get   { date: 'Tue, 26 Jul 2016 01:46:20 GMT',
645 silly get     via: '1.1 varnish',
645 silly get     'cache-control': 'max-age=300',
645 silly get     etag: '"3O7DWUBEADFVPGVCL21NGLBAG"',
645 silly get     age: '138',
645 silly get     connection: 'keep-alive',
645 silly get     'x-served-by': 'cache-jfk1032-JFK',
645 silly get     'x-cache': 'HIT',
645 silly get     'x-cache-hits': '11',
645 silly get     'x-timer': 'S1469497580.247002,VS0,VE0',
645 silly get     vary: 'Accept-Encoding' } ]
646 verbose etag https://registry.npmjs.org/mime-types from cache
647 verbose get saving mime-types to /home/dysupes/.npm/registry.npmjs.org/mime-types/.cache.json
648 silly resolveWithNewModule media-typer@0.3.0 checking installable status
649 silly cache add args [ 'media-typer@0.3.0', null ]
650 verbose cache add spec media-typer@0.3.0
651 silly cache add parsed spec Result {
651 silly cache add   raw: 'media-typer@0.3.0',
651 silly cache add   scope: null,
651 silly cache add   name: 'media-typer',
651 silly cache add   rawSpec: '0.3.0',
651 silly cache add   spec: '0.3.0',
651 silly cache add   type: 'version' }
652 silly addNamed media-typer@0.3.0
653 verbose addNamed "0.3.0" is a plain semver version for media-typer
654 silly mapToRegistry name media-typer
655 silly mapToRegistry using default registry
656 silly mapToRegistry registry https://registry.npmjs.org/
657 silly mapToRegistry uri https://registry.npmjs.org/media-typer
658 verbose addNameVersion registry:https://registry.npmjs.org/media-typer not in flight; fetching
659 silly resolveWithNewModule mime-types@2.1.11 checking installable status
660 silly cache add args [ 'mime-types@~2.1.11', null ]
661 verbose cache add spec mime-types@~2.1.11
662 silly cache add parsed spec Result {
662 silly cache add   raw: 'mime-types@~2.1.11',
662 silly cache add   scope: null,
662 silly cache add   name: 'mime-types',
662 silly cache add   rawSpec: '~2.1.11',
662 silly cache add   spec: '>=2.1.11 <2.2.0',
662 silly cache add   type: 'range' }
663 silly addNamed mime-types@>=2.1.11 <2.2.0
664 verbose addNamed ">=2.1.11 <2.2.0" is a valid semver range for mime-types
665 silly addNameRange { name: 'mime-types', range: '>=2.1.11 <2.2.0', hasData: false }
666 silly mapToRegistry name mime-types
667 silly mapToRegistry using default registry
668 silly mapToRegistry registry https://registry.npmjs.org/
669 silly mapToRegistry uri https://registry.npmjs.org/mime-types
670 verbose addNameRange registry:https://registry.npmjs.org/mime-types not in flight; fetching
671 verbose get https://registry.npmjs.org/media-typer not expired, no request
672 verbose get https://registry.npmjs.org/mime-types not expired, no request
673 silly addNameRange number 2 { name: 'mime-types', range: '>=2.1.11 <2.2.0', hasData: true }
674 silly addNameRange versions [ 'mime-types',
674 silly addNameRange   [ '0.1.0',
674 silly addNameRange     '1.0.0',
674 silly addNameRange     '1.0.1',
674 silly addNameRange     '1.0.2',
674 silly addNameRange     '2.0.0',
674 silly addNameRange     '2.0.1',
674 silly addNameRange     '2.0.2',
674 silly addNameRange     '2.0.3',
674 silly addNameRange     '2.0.4',
674 silly addNameRange     '2.0.5',
674 silly addNameRange     '2.0.6',
674 silly addNameRange     '2.0.7',
674 silly addNameRange     '2.0.8',
674 silly addNameRange     '2.0.9',
674 silly addNameRange     '2.0.10',
674 silly addNameRange     '2.0.11',
674 silly addNameRange     '2.0.12',
674 silly addNameRange     '2.0.13',
674 silly addNameRange     '2.0.14',
674 silly addNameRange     '2.1.0',
674 silly addNameRange     '2.1.1',
674 silly addNameRange     '2.1.2',
674 silly addNameRange     '2.1.3',
674 silly addNameRange     '2.1.4',
674 silly addNameRange     '2.1.5',
674 silly addNameRange     '2.1.6',
674 silly addNameRange     '2.1.7',
674 silly addNameRange     '2.1.8',
674 silly addNameRange     '2.1.9',
674 silly addNameRange     '2.1.10',
674 silly addNameRange     '2.1.11' ] ]
675 silly addNamed mime-types@2.1.11
676 verbose addNamed "2.1.11" is a plain semver version for mime-types
677 silly cache afterAdd media-typer@0.3.0
678 verbose afterAdd /home/dysupes/.npm/media-typer/0.3.0/package/package.json not in flight; writing
679 silly cache afterAdd mime-types@2.1.11
680 verbose afterAdd /home/dysupes/.npm/mime-types/2.1.11/package/package.json not in flight; writing
681 verbose afterAdd /home/dysupes/.npm/media-typer/0.3.0/package/package.json written
682 verbose afterAdd /home/dysupes/.npm/mime-types/2.1.11/package/package.json written
683 silly fetchNamedPackageData mime-db
684 silly mapToRegistry name mime-db
685 silly mapToRegistry using default registry
686 silly mapToRegistry registry https://registry.npmjs.org/
687 silly mapToRegistry uri https://registry.npmjs.org/mime-db
688 verbose request uri https://registry.npmjs.org/mime-db
689 verbose request no auth needed
690 info attempt registry request try #1 at 9:46:16 PM
691 verbose etag "DE1E5EXFAKV0S1L2M4PVTQ4O1"
692 http request GET https://registry.npmjs.org/mime-db
693 http 304 https://registry.npmjs.org/mime-db
694 verbose headers { date: 'Tue, 26 Jul 2016 01:46:20 GMT',
694 verbose headers   via: '1.1 varnish',
694 verbose headers   'cache-control': 'max-age=300',
694 verbose headers   etag: '"DE1E5EXFAKV0S1L2M4PVTQ4O1"',
694 verbose headers   age: '4',
694 verbose headers   connection: 'keep-alive',
694 verbose headers   'x-served-by': 'cache-jfk1021-JFK',
694 verbose headers   'x-cache': 'HIT',
694 verbose headers   'x-cache-hits': '1',
694 verbose headers   'x-timer': 'S1469497580.380982,VS0,VE0',
694 verbose headers   vary: 'Accept-Encoding' }
695 silly get cb [ 304,
695 silly get   { date: 'Tue, 26 Jul 2016 01:46:20 GMT',
695 silly get     via: '1.1 varnish',
695 silly get     'cache-control': 'max-age=300',
695 silly get     etag: '"DE1E5EXFAKV0S1L2M4PVTQ4O1"',
695 silly get     age: '4',
695 silly get     connection: 'keep-alive',
695 silly get     'x-served-by': 'cache-jfk1021-JFK',
695 silly get     'x-cache': 'HIT',
695 silly get     'x-cache-hits': '1',
695 silly get     'x-timer': 'S1469497580.380982,VS0,VE0',
695 silly get     vary: 'Accept-Encoding' } ]
696 verbose etag https://registry.npmjs.org/mime-db from cache
697 verbose get saving mime-db to /home/dysupes/.npm/registry.npmjs.org/mime-db/.cache.json
698 silly resolveWithNewModule mime-db@1.23.0 checking installable status
699 silly cache add args [ 'mime-db@~1.23.0', null ]
700 verbose cache add spec mime-db@~1.23.0
701 silly cache add parsed spec Result {
701 silly cache add   raw: 'mime-db@~1.23.0',
701 silly cache add   scope: null,
701 silly cache add   name: 'mime-db',
701 silly cache add   rawSpec: '~1.23.0',
701 silly cache add   spec: '>=1.23.0 <1.24.0',
701 silly cache add   type: 'range' }
702 silly addNamed mime-db@>=1.23.0 <1.24.0
703 verbose addNamed ">=1.23.0 <1.24.0" is a valid semver range for mime-db
704 silly addNameRange { name: 'mime-db', range: '>=1.23.0 <1.24.0', hasData: false }
705 silly mapToRegistry name mime-db
706 silly mapToRegistry using default registry
707 silly mapToRegistry registry https://registry.npmjs.org/
708 silly mapToRegistry uri https://registry.npmjs.org/mime-db
709 verbose addNameRange registry:https://registry.npmjs.org/mime-db not in flight; fetching
710 verbose get https://registry.npmjs.org/mime-db not expired, no request
711 silly addNameRange number 2 { name: 'mime-db', range: '>=1.23.0 <1.24.0', hasData: true }
712 silly addNameRange versions [ 'mime-db',
712 silly addNameRange   [ '0.0.0',
712 silly addNameRange     '1.0.0',
712 silly addNameRange     '1.0.1',
712 silly addNameRange     '1.0.2',
712 silly addNameRange     '1.0.3',
712 silly addNameRange     '1.1.0',
712 silly addNameRange     '1.1.1',
712 silly addNameRange     '1.1.2',
712 silly addNameRange     '1.2.0',
712 silly addNameRange     '1.3.0',
712 silly addNameRange     '1.3.1',
712 silly addNameRange     '1.4.0',
712 silly addNameRange     '1.5.0',
712 silly addNameRange     '1.6.0',
712 silly addNameRange     '1.6.1',
712 silly addNameRange     '1.7.0',
712 silly addNameRange     '1.8.0',
712 silly addNameRange     '1.9.0',
712 silly addNameRange     '1.9.1',
712 silly addNameRange     '1.10.0',
712 silly addNameRange     '1.11.0',
712 silly addNameRange     '1.12.0',
712 silly addNameRange     '1.13.0',
712 silly addNameRange     '1.14.0',
712 silly addNameRange     '1.15.0',
712 silly addNameRange     '1.16.0',
712 silly addNameRange     '1.17.0',
712 silly addNameRange     '1.18.0',
712 silly addNameRange     '1.19.0',
712 silly addNameRange     '1.20.0',
712 silly addNameRange     '1.21.0',
712 silly addNameRange     '1.22.0',
712 silly addNameRange     '1.23.0' ] ]
713 silly addNamed mime-db@1.23.0
714 verbose addNamed "1.23.0" is a plain semver version for mime-db
715 silly cache afterAdd mime-db@1.23.0
716 verbose afterAdd /home/dysupes/.npm/mime-db/1.23.0/package/package.json not in flight; writing
717 verbose afterAdd /home/dysupes/.npm/mime-db/1.23.0/package/package.json written
718 silly loadAllDepsIntoIdealTree Finishing
719 silly idealTree:prePrune lib
719 silly idealTree:prePrune  body-parser@1.15.2
719 silly idealTree:prePrune    bytes@2.4.0
719 silly idealTree:prePrune    content-type@1.0.2
719 silly idealTree:prePrune    debug@2.2.0
719 silly idealTree:prePrune    depd@1.1.0
719 silly idealTree:prePrune    ee-first@1.1.1
719 silly idealTree:prePrune    http-errors@1.5.0
719 silly idealTree:prePrune    iconv-lite@0.4.13
719 silly idealTree:prePrune    inherits@2.0.1
719 silly idealTree:prePrune    media-typer@0.3.0
719 silly idealTree:prePrune    mime-db@1.23.0
719 silly idealTree:prePrune    mime-types@2.1.11
719 silly idealTree:prePrune    ms@0.7.1
719 silly idealTree:prePrune    on-finished@2.3.0
719 silly idealTree:prePrune    qs@6.2.0
719 silly idealTree:prePrune    raw-body@2.1.7
719 silly idealTree:prePrune    setprototypeof@1.0.1
719 silly idealTree:prePrune    statuses@1.3.0
719 silly idealTree:prePrune    type-is@1.6.13
719 silly idealTree:prePrune    unpipe@1.0.0
720 silly loadIdealTree Finishing
721 silly currentTree lib
722 silly idealTree lib
722 silly idealTree  body-parser@1.15.2
722 silly idealTree    bytes@2.4.0
722 silly idealTree    content-type@1.0.2
722 silly idealTree    debug@2.2.0
722 silly idealTree    depd@1.1.0
722 silly idealTree    ee-first@1.1.1
722 silly idealTree    http-errors@1.5.0
722 silly idealTree    iconv-lite@0.4.13
722 silly idealTree    inherits@2.0.1
722 silly idealTree    media-typer@0.3.0
722 silly idealTree    mime-db@1.23.0
722 silly idealTree    mime-types@2.1.11
722 silly idealTree    ms@0.7.1
722 silly idealTree    on-finished@2.3.0
722 silly idealTree    qs@6.2.0
722 silly idealTree    raw-body@2.1.7
722 silly idealTree    setprototypeof@1.0.1
722 silly idealTree    statuses@1.3.0
722 silly idealTree    type-is@1.6.13
722 silly idealTree    unpipe@1.0.0
723 silly generateActionsToTake Starting
724 silly install generateActionsToTake
725 warn checkPermissions Missing write access to /usr/local/lib/node_modules
726 silly rollbackFailedOptional Starting
727 silly rollbackFailedOptional Finishing
728 silly runTopLevelLifecycles Starting
729 silly runTopLevelLifecycles Finishing
730 silly install printInstalled
731 verbose stack Error: EACCES: permission denied, access '/usr/local/lib/node_modules'
731 verbose stack     at Error (native)
732 verbose cwd /home/dysupes/reddit-nodejs-api
733 error Linux 4.4.0-31-generic
734 error argv "/usr/bin/nodejs" "/usr/bin/npm" "install" "-g" "body-parser" "--save"
735 error node v4.2.6
736 error npm  v3.5.2
737 error path /usr/local/lib/node_modules
738 error code EACCES
739 error errno -13
740 error syscall access
741 error Error: EACCES: permission denied, access '/usr/local/lib/node_modules'
741 error     at Error (native)
741 error  { [Error: EACCES: permission denied, access '/usr/local/lib/node_modules']
741 error   errno: -13,
741 error   code: 'EACCES',
741 error   syscall: 'access',
741 error   path: '/usr/local/lib/node_modules' }
742 error Please try running this command again as root/Administrator.
743 verbose exit [ -13, true ]
